<?xml version="1.0" encoding="UTF-8"?>
<!-- Generated by org.testng.reporters.JUnitReportReporter -->
<testsuite hostname="DESKTOP-M9M5V5Q" failures="0" tests="2" name="Selenium_Amazelogins_ll.TestCase2" time="76.434" errors="0" timestamp="2024-06-26T18:08:43 IST" skipped="0">
  <testcase classname="Selenium_Amazelogins_ll.TestCase2" name="Mobile_search" time="38.366"/>
  <system-out/>
  <testcase classname="Selenium_Amazelogins_ll.TestCase2" name="Mobile_search" time="38.068"/>
  <system-out/>
</testsuite> <!-- Selenium_Amazelogins_ll.TestCase2 -->
