<?xml version="1.0" encoding="UTF-8"?>
<!-- Generated by org.testng.reporters.JUnitReportReporter -->
<testsuite hostname="DESKTOP-M9M5V5Q" failures="0" tests="4" name="selenium_Amazon.Dataprovider_Tc" time="0.028" errors="0" timestamp="2024-06-26T01:18:47 IST" skipped="0">
  <testcase classname="selenium_Amazon.Dataprovider_Tc" name="Testcase2" time="0.006"/>
  <system-out/>
  <testcase classname="selenium_Amazon.Dataprovider_Tc" name="Testcase2" time="0.003"/>
  <system-out/>
  <testcase classname="selenium_Amazon.Dataprovider_Tc" name="Testcase2" time="0.016"/>
  <system-out/>
  <testcase classname="selenium_Amazon.Dataprovider_Tc" name="Testcase2" time="0.003"/>
  <system-out/>
</testsuite> <!-- selenium_Amazon.Dataprovider_Tc -->
