<?xml version="1.0" encoding="UTF-8"?>
<!-- Generated by org.testng.reporters.JUnitReportReporter -->
<testsuite hostname="DESKTOP-M9M5V5Q" failures="0" tests="2" name="Selenium_Amazelogins_ll.TestCase6" time="36.372" errors="0" timestamp="2024-06-27T12:54:03 IST" skipped="0">
  <testcase classname="Selenium_Amazelogins_ll.TestCase6" name="Mobile_search" time="18.010"/>
  <system-out/>
  <testcase classname="Selenium_Amazelogins_ll.TestCase6" name="Mobile_search" time="18.362"/>
  <system-out/>
</testsuite> <!-- Selenium_Amazelogins_ll.TestCase6 -->
