<?xml version="1.0" encoding="UTF-8"?>
<!-- Generated by org.testng.reporters.JUnitReportReporter -->
<testsuite hostname="DESKTOP-M9M5V5Q" failures="0" tests="2" name="Selenium_Amazelogins_ll.TestCase7" time="56.997" errors="0" timestamp="2024-06-27T13:02:11 IST" skipped="0">
  <testcase classname="Selenium_Amazelogins_ll.TestCase7" name="Camera_search" time="29.378"/>
  <system-out/>
  <testcase classname="Selenium_Amazelogins_ll.TestCase7" name="Camera_search" time="27.619"/>
  <system-out/>
</testsuite> <!-- Selenium_Amazelogins_ll.TestCase7 -->
