<?xml version="1.0" encoding="UTF-8"?>
<!-- Generated by org.testng.reporters.JUnitReportReporter -->
<testsuite hostname="DESKTOP-M9M5V5Q" failures="0" tests="2" name="Selenium_Amazelogins_ll.TestCase9" time="64.992" errors="0" timestamp="2024-06-27T13:32:19 IST" skipped="0">
  <testcase classname="Selenium_Amazelogins_ll.TestCase9" name="Mobile_search" time="32.073"/>
  <system-out/>
  <testcase classname="Selenium_Amazelogins_ll.TestCase9" name="Mobile_search" time="32.919"/>
  <system-out/>
</testsuite> <!-- Selenium_Amazelogins_ll.TestCase9 -->
