<?xml version="1.0" encoding="UTF-8"?>
<!-- Generated by org.testng.reporters.JUnitReportReporter -->
<testsuite hostname="DESKTOP-M9M5V5Q" failures="0" tests="2" name="Selenium_Amazelogins_ll.TestCase5" time="82.506" errors="0" timestamp="2024-06-26T20:43:06 IST" skipped="0">
  <testcase classname="Selenium_Amazelogins_ll.TestCase5" name="Mobile_search" time="37.334"/>
  <system-out/>
  <testcase classname="Selenium_Amazelogins_ll.TestCase5" name="Mobile_search" time="45.172"/>
  <system-out/>
</testsuite> <!-- Selenium_Amazelogins_ll.TestCase5 -->
