<?xml version="1.0" encoding="UTF-8"?>
<!-- Generated by org.testng.reporters.JUnitReportReporter -->
<testsuite hostname="DESKTOP-M9M5V5Q" failures="0" tests="2" name="Selenium_Amazelogins_ll.TestCase8" time="65.765" errors="0" timestamp="2024-06-27T13:07:39 IST" skipped="0">
  <testcase classname="Selenium_Amazelogins_ll.TestCase8" name="Book_search" time="35.706"/>
  <system-out/>
  <testcase classname="Selenium_Amazelogins_ll.TestCase8" name="Book_search" time="30.059"/>
  <system-out/>
</testsuite> <!-- Selenium_Amazelogins_ll.TestCase8 -->
