<?xml version="1.0" encoding="UTF-8"?>
<!-- Generated by org.testng.reporters.JUnitReportReporter -->
<testsuite hostname="DESKTOP-M9M5V5Q" failures="0" tests="2" name="Selenium_Amazelogins_ll.TestCase10" time="69.111" errors="0" timestamp="2024-06-27T13:38:30 IST" skipped="0">
  <testcase classname="Selenium_Amazelogins_ll.TestCase10" name="shoe_search" time="34.659"/>
  <system-out/>
  <testcase classname="Selenium_Amazelogins_ll.TestCase10" name="shoe_search" time="34.452"/>
  <system-out/>
</testsuite> <!-- Selenium_Amazelogins_ll.TestCase10 -->
