<?xml version="1.0" encoding="UTF-8"?>
<!-- Generated by org.testng.reporters.JUnitReportReporter -->
<testsuite hostname="DESKTOP-M9M5V5Q" failures="0" tests="2" name="Selenium_Amazelogins_ll.TestCase4" time="37.047" errors="0" timestamp="2024-06-26T20:25:29 IST" skipped="0">
  <testcase classname="Selenium_Amazelogins_ll.TestCase4" name="Mobile_search" time="19.435"/>
  <system-out/>
  <testcase classname="Selenium_Amazelogins_ll.TestCase4" name="Mobile_search" time="17.612"/>
  <system-out/>
</testsuite> <!-- Selenium_Amazelogins_ll.TestCase4 -->
