<?xml version="1.0" encoding="UTF-8"?>
<!-- Generated by org.testng.reporters.JUnitReportReporter -->
<testsuite hostname="DESKTOP-M9M5V5Q" failures="0" tests="2" name="Selenium_Amazelogins_ll.TestCase1" time="110.803" errors="0" timestamp="2024-06-26T18:08:43 IST" skipped="0">
  <testcase classname="Selenium_Amazelogins_ll.TestCase1" name="shoe_search" time="54.606"/>
  <system-out/>
  <testcase classname="Selenium_Amazelogins_ll.TestCase1" name="shoe_search" time="56.197"/>
  <system-out/>
</testsuite> <!-- Selenium_Amazelogins_ll.TestCase1 -->
