<?xml version="1.0" encoding="UTF-8"?>
<!-- Generated by org.testng.reporters.JUnitReportReporter -->
<testsuite hostname="DESKTOP-M9M5V5Q" failures="0" tests="2" name="selenium_Amazon.Grouping_Test" time="0.024" errors="0" timestamp="2024-06-26T00:48:51 IST" skipped="0">
  <testcase classname="selenium_Amazon.Grouping_Test" name="testcase5" time="0.004"/>
  <system-out/>
  <testcase classname="selenium_Amazon.Grouping_Test" name="testcase2" time="0.020"/>
  <system-out/>
</testsuite> <!-- selenium_Amazon.Grouping_Test -->
